<?xml version="1.0" encoding="UTF-8"?>
<!-- Generated by org.testng.reporters.JUnitXMLReporter -->
<testsuite ignored="0" hostname="DESKTOP-8Q5BL0R" failures="0" tests="2" name="TestOrganisation" time="50.858" errors="0" timestamp="2023-11-15T10:02:54 IST">
  <testcase classname="com.Vtiger.Organisation.CreateOrganisationTest" name="Regional" time="0.011"/>
  <testcase classname="com.Vtiger.Organisation.CreateOrganisationTest" name="verifyUserOrganisation" time="0.001">
    <skipped/>
  </testcase> <!-- verifyUserOrganisation -->
</testsuite> <!-- TestOrganisation -->
