<?xml version="1.0" encoding="UTF-8"?>
<!-- Generated by org.testng.reporters.JUnitXMLReporter -->
<testsuite ignored="0" hostname="DESKTOP-8Q5BL0R" failures="0" tests="3" name="Test" time="78.468" errors="0" timestamp="2023-11-15T09:28:05 IST">
  <testcase classname="com.Vtiger.Organisation.CreateContactTest" name="verifyContactOrganisation" time="34.251"/>
  <testcase classname="com.Vtiger.Organisation.CreateOrganisationTest" name="Regional" time="0.002"/>
  <testcase classname="com.Vtiger.Organisation.CreateOrganisationTest" name="verifyUserOrganisation" time="21.18"/>
</testsuite> <!-- Test -->
