<?xml version="1.0" encoding="UTF-8"?>
<!-- Generated by org.testng.reporters.JUnitXMLReporter -->
<testsuite ignored="1" hostname="DESKTOP-8Q5BL0R" failures="0" tests="1" name="Default test(failed)" time="46.827" errors="0" timestamp="2023-11-16T09:17:28 IST">
  <testcase classname="com.Vtiger.Organisation.CreateOrganisationTest" name="verifyUserOrganisation" time="28.149"/>
  <testcase classname="com.Vtiger.Organisation.CreateOrganisationTest" name="Regional" time="0.0">
    <ignored/>
  </testcase> <!-- Regional -->
</testsuite> <!-- Default test(failed) -->
